<?xml version="1.0" encoding="UTF-8"?>
<!-- Generated by org.testng.reporters.JUnitXMLReporter -->
<testsuite ignored="0" hostname="SCDWPR01345" failures="4" tests="13" name="Surefire test" time="230.632" errors="0" timestamp="2024-10-23T15:54:39 GMT+05:30">
  <testcase classname="io.cucumber.testng.AbstractTestNGCucumberTests" name="runScenario" time="29.731"/>
  <testcase classname="io.cucumber.testng.AbstractTestNGCucumberTests" name="runScenario" time="31.198"/>
  <testcase classname="io.cucumber.testng.AbstractTestNGCucumberTests" name="runScenario" time="21.704">
    <failure type="java.lang.AssertionError" message="Home Page is not loaded or check the Web Element...!!! expected [Make a new one time donation] but found []">
      <![CDATA[java.lang.AssertionError: Home Page is not loaded or check the Web Element...!!! expected [Make a new one time donation] but found []
at org.thd.hfcm.definitions.StepDefsIndividualUser.validate_the_user_able_to_see_the_welcome_message_as_a_new_user(StepDefsIndividualUser.java:51)
at ✽.Validate the user able to see the welcome message as a new user(file:///C:/THD_GithubProjects/ICC-HFCM_SeleniumTestingAutomation/ICC-HFCM_SeleniumTestingAutomation/HomerFundContributionManager/src/test/resources/features/IndividualUser.feature:19)
... Removed 5 stack frames]]>
    </failure>
  </testcase> <!-- runScenario -->
  <testcase classname="io.cucumber.testng.AbstractTestNGCucumberTests" name="runScenario" time="20.366"/>
  <testcase classname="io.cucumber.testng.AbstractTestNGCucumberTests" name="runScenario" time="35.439"/>
  <testcase classname="io.cucumber.testng.AbstractTestNGCucumberTests" name="runScenario" time="68.491">
    <failure type="java.lang.AssertionError" message="Donation Page is not loaded...!!! expected [true] but found [false]">
      <![CDATA[java.lang.AssertionError: Donation Page is not loaded...!!! expected [true] but found [false]
at org.thd.hfcm.definitions.StepDefsIndividualUser.validate_the_user_successfully_redirects_to_review_page_after(StepDefsIndividualUser.java:75)
at ✽.Validate the "Individual" user Successfully redirects to Review page after "Unconditional RecurringDonation"(file:///C:/THD_GithubProjects/ICC-HFCM_SeleniumTestingAutomation/ICC-HFCM_SeleniumTestingAutomation/HomerFundContributionManager/src/test/resources/features/IndividualUser.feature:37)
... Removed 3 stack frames]]>
    </failure>
  </testcase> <!-- runScenario -->
  <testcase classname="io.cucumber.testng.AbstractTestNGCucumberTests" name="runScenario" time="17.459"/>
  <testcase classname="io.cucumber.testng.AbstractTestNGCucumberTests" name="runScenario" time="55.775">
    <failure type="java.lang.AssertionError" message="Donation Page is not loaded...!!! expected [true] but found [false]">
      <![CDATA[java.lang.AssertionError: Donation Page is not loaded...!!! expected [true] but found [false]
at org.thd.hfcm.definitions.StepDefsIndividualUser.validate_the_user_successfully_redirects_to_review_page_after(StepDefsIndividualUser.java:75)
at ✽.Validate the "Individual" user Successfully redirects to Review page after "Conditional RecurringDonation"(file:///C:/THD_GithubProjects/ICC-HFCM_SeleniumTestingAutomation/ICC-HFCM_SeleniumTestingAutomation/HomerFundContributionManager/src/test/resources/features/IndividualUser.feature:44)
... Removed 3 stack frames]]>
    </failure>
  </testcase> <!-- runScenario -->
  <testcase classname="io.cucumber.testng.AbstractTestNGCucumberTests" name="runScenario" time="30.032"/>
  <testcase classname="io.cucumber.testng.AbstractTestNGCucumberTests" name="runScenario" time="26.323"/>
  <testcase classname="io.cucumber.testng.AbstractTestNGCucumberTests" name="runScenario" time="18.751"/>
  <testcase classname="io.cucumber.testng.AbstractTestNGCucumberTests" name="runScenario" time="32.125"/>
  <testcase classname="io.cucumber.testng.AbstractTestNGCucumberTests" name="runScenario" time="54.958">
    <failure type="java.lang.AssertionError" message="Donation Page is not loaded...!!! expected [true] but found [false]">
      <![CDATA[java.lang.AssertionError: Donation Page is not loaded...!!! expected [true] but found [false]
at org.thd.hfcm.definitions.StepDefsIndividualUser.validate_the_user_successfully_redirects_to_donation_page_after_access_through_donate_link(StepDefsIndividualUser.java:152)
at ✽.Validate the "Individual" user Successfully redirects to Donation page after access through Donate link(file:///C:/THD_GithubProjects/ICC-HFCM_SeleniumTestingAutomation/ICC-HFCM_SeleniumTestingAutomation/HomerFundContributionManager/src/test/resources/features/IndividualUser.feature:73)
... Removed 3 stack frames]]>
    </failure>
  </testcase> <!-- runScenario -->
</testsuite> <!-- Surefire test -->
